android-tv/app/build/intermediates/manifest_merge_blame_file/release/manifest-merger-blame-release-report.txt
1<?xml version="1.0" encoding="utf-8"?>
2<manifest xmlns:android="http://schemas.android.com/apk/res/android"
3    package="com.jsanderstechnologies.bubbaflix"
4    android:versionCode="8"
5    android:versionName="1.0.7" >
6
7    <uses-sdk
8        android:minSdkVersion="21"
9        android:targetSdkVersion="34" />
10
11    <!-- Internet & Network Permissions for Video Streaming -->
12    <uses-permission android:name="android.permission.INTERNET" />
12-->src\main\AndroidManifest.xml:5:5-67
12-->src\main\AndroidManifest.xml:5:22-64
13    <uses-permission android:name="android.permission.ACCESS_NETWORK_STATE" />
13-->src\main\AndroidManifest.xml:6:5-79
13-->src\main\AndroidManifest.xml:6:22-76
14    <uses-permission android:name="android.permission.ACCESS_WIFI_STATE" />
14-->src\main\AndroidManifest.xml:7:5-76
14-->src\main\AndroidManifest.xml:7:22-73
15    <uses-permission android:name="android.permission.REQUEST_INSTALL_PACKAGES" />
15-->src\main\AndroidManifest.xml:8:5-83
15-->src\main\AndroidManifest.xml:8:22-80
16
17    <!-- Android TV & Google TV Hardware Features -->
18    <uses-feature
18-->src\main\AndroidManifest.xml:11:5-13:36
19        android:name="android.hardware.touchscreen"
19-->src\main\AndroidManifest.xml:12:9-52
20        android:required="false" />
20-->src\main\AndroidManifest.xml:13:9-33
21    <uses-feature
21-->src\main\AndroidManifest.xml:14:5-16:36
22        android:name="android.software.leanback"
22-->src\main\AndroidManifest.xml:15:9-49
23        android:required="false" />
23-->src\main\AndroidManifest.xml:16:9-33
24
25    <permission
25-->[androidx.core:core:1.12.0] AndroidManifest.xml:22:5-24:47
26        android:name="com.jsanderstechnologies.bubbaflix.DYNAMIC_RECEIVER_NOT_EXPORTED_PERMISSION"
26-->[androidx.core:core:1.12.0] AndroidManifest.xml:23:9-81
27        android:protectionLevel="signature" />
27-->[androidx.core:core:1.12.0] AndroidManifest.xml:24:9-44
28
29    <uses-permission android:name="com.jsanderstechnologies.bubbaflix.DYNAMIC_RECEIVER_NOT_EXPORTED_PERMISSION" />
29-->[androidx.core:core:1.12.0] AndroidManifest.xml:26:5-97
29-->[androidx.core:core:1.12.0] AndroidManifest.xml:26:22-94
30
31    <application
31-->src\main\AndroidManifest.xml:18:5-68:19
32        android:allowBackup="true"
32-->src\main\AndroidManifest.xml:19:9-35
33        android:appComponentFactory="androidx.core.app.CoreComponentFactory"
33-->[androidx.core:core:1.12.0] AndroidManifest.xml:28:18-86
34        android:banner="@drawable/tv_banner"
34-->src\main\AndroidManifest.xml:22:9-45
35        android:extractNativeLibs="true"
36        android:hardwareAccelerated="true"
36-->src\main\AndroidManifest.xml:26:9-43
37        android:icon="@drawable/ic_launcher"
37-->src\main\AndroidManifest.xml:20:9-45
38        android:label="@string/app_name"
38-->src\main\AndroidManifest.xml:21:9-41
39        android:roundIcon="@drawable/ic_launcher_round"
39-->src\main\AndroidManifest.xml:23:9-56
40        android:supportsRtl="true"
40-->src\main\AndroidManifest.xml:24:9-35
41        android:theme="@style/Theme.BubbaFlixTV"
41-->src\main\AndroidManifest.xml:25:9-49
42        android:usesCleartextTraffic="true" >
42-->src\main\AndroidManifest.xml:27:9-44
43        <activity
43-->src\main\AndroidManifest.xml:29:9-48:20
44            android:name="com.jsanderstechnologies.bubbaflix.MainActivity"
44-->src\main\AndroidManifest.xml:30:13-41
45            android:banner="@drawable/tv_banner"
45-->src\main\AndroidManifest.xml:31:13-49
46            android:configChanges="orientation|screenSize|keyboardHidden"
46-->src\main\AndroidManifest.xml:33:13-74
47            android:exported="true"
47-->src\main\AndroidManifest.xml:32:13-36
48            android:screenOrientation="landscape"
48-->src\main\AndroidManifest.xml:34:13-50
49            android:theme="@style/Theme.BubbaFlixTV" >
49-->src\main\AndroidManifest.xml:35:13-53
50
51            <!-- Standard Launcher Intent -->
52            <intent-filter>
52-->src\main\AndroidManifest.xml:38:13-41:29
53                <action android:name="android.intent.action.MAIN" />
53-->src\main\AndroidManifest.xml:39:17-69
53-->src\main\AndroidManifest.xml:39:25-66
54
55                <category android:name="android.intent.category.LAUNCHER" />
55-->src\main\AndroidManifest.xml:40:17-77
55-->src\main\AndroidManifest.xml:40:27-74
56            </intent-filter>
57
58            <!-- Android TV, Google TV, & Fire TV Leanback Launcher Intent -->
59            <intent-filter>
59-->src\main\AndroidManifest.xml:44:13-47:29
60                <action android:name="android.intent.action.MAIN" />
60-->src\main\AndroidManifest.xml:39:17-69
60-->src\main\AndroidManifest.xml:39:25-66
61
62                <category android:name="android.intent.category.LEANBACK_LAUNCHER" />
62-->src\main\AndroidManifest.xml:46:17-86
62-->src\main\AndroidManifest.xml:46:27-83
63            </intent-filter>
64        </activity>
65
66        <!-- Native Universal Codec Player Activity -->
67        <activity
67-->src\main\AndroidManifest.xml:51:9-56:63
68            android:name="com.jsanderstechnologies.bubbaflix.PlayerActivity"
68-->src\main\AndroidManifest.xml:52:13-43
69            android:configChanges="orientation|screenSize|keyboardHidden|screenLayout|smallestScreenSize"
69-->src\main\AndroidManifest.xml:54:13-106
70            android:exported="false"
70-->src\main\AndroidManifest.xml:53:13-37
71            android:screenOrientation="landscape"
71-->src\main\AndroidManifest.xml:55:13-50
72            android:theme="@style/Theme.BubbaFlixTV.Player" />
72-->src\main\AndroidManifest.xml:56:13-60
73
74        <!-- FileProvider for Automatic Package Installation -->
75        <provider
75-->src\main\AndroidManifest.xml:59:9-67:20
76            android:name="androidx.core.content.FileProvider"
76-->src\main\AndroidManifest.xml:60:13-62
77            android:authorities="com.jsanderstechnologies.bubbaflix.fileprovider"
77-->src\main\AndroidManifest.xml:61:13-82
78            android:exported="false"
78-->src\main\AndroidManifest.xml:62:13-37
79            android:grantUriPermissions="true" >
79-->src\main\AndroidManifest.xml:63:13-47
80            <meta-data
80-->src\main\AndroidManifest.xml:64:13-66:54
81                android:name="android.support.FILE_PROVIDER_PATHS"
81-->src\main\AndroidManifest.xml:65:17-67
82                android:resource="@xml/file_paths" />
82-->src\main\AndroidManifest.xml:66:17-51
83        </provider>
84        <provider
84-->[androidx.emoji2:emoji2:1.2.0] AndroidManifest.xml:24:9-32:20
85            android:name="androidx.startup.InitializationProvider"
85-->[androidx.emoji2:emoji2:1.2.0] AndroidManifest.xml:25:13-67
86            android:authorities="com.jsanderstechnologies.bubbaflix.androidx-startup"
86-->[androidx.emoji2:emoji2:1.2.0] AndroidManifest.xml:26:13-68
87            android:exported="false" >
87-->[androidx.emoji2:emoji2:1.2.0] AndroidManifest.xml:27:13-37
88            <meta-data
88-->[androidx.emoji2:emoji2:1.2.0] AndroidManifest.xml:29:13-31:52
89                android:name="androidx.emoji2.text.EmojiCompatInitializer"
89-->[androidx.emoji2:emoji2:1.2.0] AndroidManifest.xml:30:17-75
90                android:value="androidx.startup" />
90-->[androidx.emoji2:emoji2:1.2.0] AndroidManifest.xml:31:17-49
91            <meta-data
91-->[androidx.lifecycle:lifecycle-process:2.6.1] AndroidManifest.xml:29:13-31:52
92                android:name="androidx.lifecycle.ProcessLifecycleInitializer"
92-->[androidx.lifecycle:lifecycle-process:2.6.1] AndroidManifest.xml:30:17-78
93                android:value="androidx.startup" />
93-->[androidx.lifecycle:lifecycle-process:2.6.1] AndroidManifest.xml:31:17-49
94            <meta-data
94-->[androidx.profileinstaller:profileinstaller:1.3.0] AndroidManifest.xml:29:13-31:52
95                android:name="androidx.profileinstaller.ProfileInstallerInitializer"
95-->[androidx.profileinstaller:profileinstaller:1.3.0] AndroidManifest.xml:30:17-85
96                android:value="androidx.startup" />
96-->[androidx.profileinstaller:profileinstaller:1.3.0] AndroidManifest.xml:31:17-49
97        </provider>
98
99        <receiver
99-->[androidx.profileinstaller:profileinstaller:1.3.0] AndroidManifest.xml:34:9-52:20
100            android:name="androidx.profileinstaller.ProfileInstallReceiver"
100-->[androidx.profileinstaller:profileinstaller:1.3.0] AndroidManifest.xml:35:13-76
101            android:directBootAware="false"
101-->[androidx.profileinstaller:profileinstaller:1.3.0] AndroidManifest.xml:36:13-44
102            android:enabled="true"
102-->[androidx.profileinstaller:profileinstaller:1.3.0] AndroidManifest.xml:37:13-35
103            android:exported="true"
103-->[androidx.profileinstaller:profileinstaller:1.3.0] AndroidManifest.xml:38:13-36
104            android:permission="android.permission.DUMP" >
104-->[androidx.profileinstaller:profileinstaller:1.3.0] AndroidManifest.xml:39:13-57
105            <intent-filter>
105-->[androidx.profileinstaller:profileinstaller:1.3.0] AndroidManifest.xml:40:13-42:29
106                <action android:name="androidx.profileinstaller.action.INSTALL_PROFILE" />
106-->[androidx.profileinstaller:profileinstaller:1.3.0] AndroidManifest.xml:41:17-91
106-->[androidx.profileinstaller:profileinstaller:1.3.0] AndroidManifest.xml:41:25-88
107            </intent-filter>
108            <intent-filter>
108-->[androidx.profileinstaller:profileinstaller:1.3.0] AndroidManifest.xml:43:13-45:29
109                <action android:name="androidx.profileinstaller.action.SKIP_FILE" />
109-->[androidx.profileinstaller:profileinstaller:1.3.0] AndroidManifest.xml:44:17-85
109-->[androidx.profileinstaller:profileinstaller:1.3.0] AndroidManifest.xml:44:25-82
110            </intent-filter>
111            <intent-filter>
111-->[androidx.profileinstaller:profileinstaller:1.3.0] AndroidManifest.xml:46:13-48:29
112                <action android:name="androidx.profileinstaller.action.SAVE_PROFILE" />
112-->[androidx.profileinstaller:profileinstaller:1.3.0] AndroidManifest.xml:47:17-88
112-->[androidx.profileinstaller:profileinstaller:1.3.0] AndroidManifest.xml:47:25-85
113            </intent-filter>
114            <intent-filter>
114-->[androidx.profileinstaller:profileinstaller:1.3.0] AndroidManifest.xml:49:13-51:29
115                <action android:name="androidx.profileinstaller.action.BENCHMARK_OPERATION" />
115-->[androidx.profileinstaller:profileinstaller:1.3.0] AndroidManifest.xml:50:17-95
115-->[androidx.profileinstaller:profileinstaller:1.3.0] AndroidManifest.xml:50:25-92
116            </intent-filter>
117        </receiver>
118    </application>
119
120</manifest>